[  0%] Built target dynamic_reconfigure_generate_messages_eus
[  0%] Built target cartesian_control_msgs_generate_messages_nodejs
[  0%] Built target cartesian_control_msgs_generate_messages_lisp
[  0%] Built target cartesian_control_msgs_generate_messages_eus
[  0%] Built target cartesian_control_msgs_generate_messages_cpp
[  0%] Built target ur_msgs_generate_messages_nodejs
[  0%] Built target ur_msgs_generate_messages_lisp
[  0%] Built target ur_msgs_generate_messages_eus
[  0%] Built target ur_msgs_generate_messages_cpp
[  0%] Built target ur_dashboard_msgs_generate_messages_py
[  0%] Built target ur_dashboard_msgs_generate_messages_eus
[  0%] Built target tf2_msgs_generate_messages_nodejs
[  0%] Built target tf2_msgs_generate_messages_lisp
[  0%] Built target tf_generate_messages_nodejs
[  0%] Built target tf_generate_messages_lisp
[  0%] Built target std_srvs_generate_messages_nodejs
[  0%] Built target std_srvs_generate_messages_lisp
[  0%] Built target std_srvs_generate_messages_eus
[  0%] Built target tf2_msgs_generate_messages_eus
[  0%] Built target sensor_msgs_generate_messages_py
[  0%] Built target sensor_msgs_generate_messages_nodejs
[  0%] Built target sensor_msgs_generate_messages_cpp
[  0%] Built target dynamic_reconfigure_gencfg
[  0%] Built target tf2_msgs_generate_messages_py
[  0%] Built target dynamic_reconfigure_generate_messages_nodejs
[  0%] Built target tf2_msgs_generate_messages_cpp
[  0%] Built target dynamic_reconfigure_generate_messages_lisp
[  0%] Built target roscpp_generate_messages_eus
[  0%] Built target roscpp_generate_messages_cpp
[  0%] Built target control_toolbox_gencfg
[  0%] Built target std_msgs_generate_messages_py
[  0%] Built target std_msgs_generate_messages_nodejs
[  0%] Built target geometry_msgs_generate_messages_eus
[  0%] Built target controller_manager_msgs_generate_messages_nodejs
[  0%] Built target roscpp_generate_messages_nodejs
[  0%] Built target std_msgs_generate_messages_cpp
[  0%] Built target actionlib_msgs_generate_messages_py
[  0%] Built target ur_dashboard_msgs_generate_messages_nodejs
[  0%] Built target actionlib_generate_messages_cpp
[  0%] Built target rosgraph_msgs_generate_messages_nodejs
[  0%] Built target tf_generate_messages_eus
[  0%] Built target rosgraph_msgs_generate_messages_lisp
[  0%] Built target actionlib_generate_messages_py
[  0%] Built target actionlib_generate_messages_lisp
[  0%] Built target _catkin_empty_exported_target
[  0%] Built target controller_manager_msgs_generate_messages_eus
[  0%] Built target actionlib_generate_messages_nodejs
[  0%] Built target tf_generate_messages_cpp
[  0%] Built target control_msgs_generate_messages_eus
[  0%] Built target trajectory_msgs_generate_messages_nodejs
[  0%] Built target trajectory_msgs_generate_messages_cpp
[  0%] Built target control_toolbox_generate_messages_py
[  0%] Built target rosgraph_msgs_generate_messages_py
[  0%] Built target tf_generate_messages_py
[  0%] Built target std_msgs_generate_messages_eus
[  0%] Built target actionlib_msgs_generate_messages_nodejs
[  0%] Built target actionlib_msgs_generate_messages_lisp
[  0%] Built target std_srvs_generate_messages_py
[  0%] Built target rosgraph_msgs_generate_messages_eus
[ 13%] Built target urcl_log_handler
[ 13%] Built target ur_dashboard_msgs_generate_messages_cpp
[ 13%] Built target sensor_msgs_generate_messages_lisp
[ 13%] Built target sensor_msgs_generate_messages_eus
[ 13%] Built target control_msgs_generate_messages_lisp
[ 13%] Built target std_msgs_generate_messages_lisp
[ 13%] Built target pass_through_controllers_gencfg
[ 13%] Built target std_srvs_generate_messages_cpp
[ 13%] Built target cartesian_control_msgs_generate_messages_py
[ 13%] Built target control_msgs_generate_messages_cpp
[ 13%] Built target roscpp_generate_messages_lisp
[ 13%] Built target controller_manager_msgs_generate_messages_lisp
[ 13%] Built target ur_dashboard_msgs_generate_messages_lisp
[ 13%] Built target control_toolbox_generate_messages_nodejs
[ 13%] Built target dynamic_reconfigure_generate_messages_py
[ 13%] Built target actionlib_msgs_generate_messages_eus
[ 13%] Built target control_msgs_generate_messages_nodejs
[ 13%] Built target control_msgs_generate_messages_py
[ 13%] Built target geometry_msgs_generate_messages_cpp
[ 13%] Built target ur_msgs_generate_messages_py
[ 13%] Built target geometry_msgs_generate_messages_lisp
[ 13%] Built target geometry_msgs_generate_messages_py
[ 13%] Built target trajectory_msgs_generate_messages_lisp
[ 13%] Built target rosgraph_msgs_generate_messages_cpp
[ 13%] Built target actionlib_generate_messages_eus
[ 13%] Built target trajectory_msgs_generate_messages_py
[ 13%] Built target controller_manager_msgs_generate_messages_cpp
[ 13%] Built target actionlib_msgs_generate_messages_cpp
[ 13%] Built target controller_manager_msgs_generate_messages_py
[ 13%] Built target trajectory_msgs_generate_messages_eus
[ 13%] Built target roscpp_generate_messages_py
[ 13%] Built target control_toolbox_generate_messages_cpp
[ 13%] Built target control_toolbox_generate_messages_eus
[ 13%] Built target control_toolbox_generate_messages_lisp
[ 13%] Built target dynamic_reconfigure_generate_messages_cpp
[ 13%] Built target geometry_msgs_generate_messages_nodejs
[ 20%] [32mBuilding CXX object CMakeFiles/robot_state_helper.dir/src/robot_state_helper.cpp.o[0m
[ 26%] [32mBuilding CXX object CMakeFiles/dashboard_client.dir/src/dashboard_client_ros.cpp.o[0m
[ 33%] [32mBuilding CXX object CMakeFiles/robot_state_helper.dir/src/robot_state_helper_node.cpp.o[0m
[35m[1mScanning dependencies of target ur_robot_driver_node[0m
[ 40%] [32mBuilding CXX object CMakeFiles/ur_robot_driver_node.dir/src/dashboard_client_ros.cpp.o[0m
[ 46%] [32mBuilding CXX object CMakeFiles/ur_robot_driver_node.dir/src/hardware_interface.cpp.o[0m
[ 53%] [32mBuilding CXX object CMakeFiles/ur_robot_driver_node.dir/src/hardware_interface_node.cpp.o[0m
[35m[1mScanning dependencies of target ur_robot_driver_plugin[0m
[ 60%] [32mBuilding CXX object CMakeFiles/ur_robot_driver_plugin.dir/src/dashboard_client_ros.cpp.o[0m
[ 66%] [32mBuilding CXX object CMakeFiles/ur_robot_driver_plugin.dir/src/hardware_interface.cpp.o[0m
In file included from [01m[K/home/hiwin/UR5_new/src/Universal_Robots_ROS_Driver/ur_robot_driver/src/hardware_interface.cpp:30[m[K:
[01m[K/home/hiwin/UR5_new/src/Universal_Robots_ROS_Driver/ur_robot_driver/include/ur_robot_driver/hardware_interface.h:[m[K In constructor ‘[01m[Kur_driver::HardwareInterface::HardwareInterface()[m[K’:
[01m[K/home/hiwin/UR5_new/src/Universal_Robots_ROS_Driver/ur_robot_driver/include/ur_robot_driver/hardware_interface.h:283:20:[m[K [01;35m[Kwarning: [m[K‘[01m[Kur_driver::HardwareInterface::cartesian_pose_command_[m[K’ will be initialized after [[01;35m[K-Wreorder[m[K]
  283 |   urcl::vector6d_t [01;35m[Kcartesian_pose_command_[m[K;
      |                    [01;35m[K^~~~~~~~~~~~~~~~~~~~~~~[m[K
[01m[K/home/hiwin/UR5_new/src/Universal_Robots_ROS_Driver/ur_robot_driver/include/ur_robot_driver/hardware_interface.h:272:20:[m[K [01;35m[Kwarning: [m[K  ‘[01m[Kurcl::vector6d_t ur_driver::HardwareInterface::joint_positions_[m[K’ [[01;35m[K-Wreorder[m[K]
  272 |   urcl::vector6d_t [01;35m[Kjoint_positions_[m[K;
      |                    [01;35m[K^~~~~~~~~~~~~~~~[m[K
[01m[K/home/hiwin/UR5_new/src/Universal_Robots_ROS_Driver/ur_robot_driver/src/hardware_interface.cpp:59:1:[m[K [01;35m[Kwarning: [m[K  when initialized here [[01;35m[K-Wreorder[m[K]
   59 | [01;35m[KHardwareInterface[m[K::HardwareInterface()
      | [01;35m[K^~~~~~~~~~~~~~~~~[m[K
In file included from [01m[K/home/hiwin/UR5_new/src/Universal_Robots_ROS_Driver/ur_robot_driver/src/hardware_interface.cpp:30[m[K:
[01m[K/home/hiwin/UR5_new/src/Universal_Robots_ROS_Driver/ur_robot_driver/include/ur_robot_driver/hardware_interface.h:[m[K In constructor ‘[01m[Kur_driver::HardwareInterface::HardwareInterface()[m[K’:
[01m[K/home/hiwin/UR5_new/src/Universal_Robots_ROS_Driver/ur_robot_driver/include/ur_robot_driver/hardware_interface.h:283:20:[m[K [01;35m[Kwarning: [m[K‘[01m[Kur_driver::HardwareInterface::cartesian_pose_command_[m[K’ will be initialized after [[01;35m[K-Wreorder[m[K]
  283 |   urcl::vector6d_t [01;35m[Kcartesian_pose_command_[m[K;
      |                    [01;35m[K^~~~~~~~~~~~~~~~~~~~~~~[m[K
[01m[K/home/hiwin/UR5_new/src/Universal_Robots_ROS_Driver/ur_robot_driver/include/ur_robot_driver/hardware_interface.h:272:20:[m[K [01;35m[Kwarning: [m[K  ‘[01m[Kurcl::vector6d_t ur_driver::HardwareInterface::joint_positions_[m[K’ [[01;35m[K-Wreorder[m[K]
  272 |   urcl::vector6d_t [01;35m[Kjoint_positions_[m[K;
      |                    [01;35m[K^~~~~~~~~~~~~~~~[m[K
[01m[K/home/hiwin/UR5_new/src/Universal_Robots_ROS_Driver/ur_robot_driver/src/hardware_interface.cpp:59:1:[m[K [01;35m[Kwarning: [m[K  when initialized here [[01;35m[K-Wreorder[m[K]
   59 | [01;35m[KHardwareInterface[m[K::HardwareInterface()
      | [01;35m[K^~~~~~~~~~~~~~~~~[m[K
[ 73%] [32m[1mLinking CXX executable /home/hiwin/UR5_new/devel/.private/ur_robot_driver/lib/ur_robot_driver/robot_state_helper[0m
[ 73%] Built target robot_state_helper
[ 80%] [32m[1mLinking CXX executable /home/hiwin/UR5_new/devel/.private/ur_robot_driver/lib/ur_robot_driver/dashboard_client[0m
[ 86%] Built target dashboard_client
[ 93%] [32m[1mLinking CXX executable /home/hiwin/UR5_new/devel/.private/ur_robot_driver/lib/ur_robot_driver/ur_robot_driver_node[0m
[ 93%] Built target ur_robot_driver_node
[100%] [32m[1mLinking CXX shared library /home/hiwin/UR5_new/devel/.private/ur_robot_driver/lib/libur_robot_driver_plugin.so[0m
[100%] Built target ur_robot_driver_plugin
