[  4%] [32mBuilding CXX object doc/motion_planning_pipeline/CMakeFiles/motion_planning_pipeline_tutorial.dir/src/motion_planning_pipeline_tutorial.cpp.o[0m
[  6%] Built target controller_manager_example
[  9%] [32mBuilding CXX object doc/motion_planning_api/CMakeFiles/motion_planning_api_tutorial.dir/src/motion_planning_api_tutorial.cpp.o[0m
[ 13%] Built target ros_api_tutorial
[ 18%] Built target move_group_interface_tutorial
[ 27%] Built target interactivity_utils
[ 31%] Built target bag_publisher_maintain_time
[ 34%] [32mBuilding CXX object doc/perception_pipeline/CMakeFiles/detect_and_add_cylinder_collision_object_demo.dir/src/detect_and_add_cylinder_collision_object_demo.cpp.o[0m
[ 36%] [32mBuilding CXX object doc/pick_place/CMakeFiles/pick_place_tutorial.dir/src/pick_place_tutorial.cpp.o[0m
[ 38%] [32mBuilding CXX object doc/planning_scene/CMakeFiles/planning_scene_tutorial.dir/src/planning_scene_tutorial.cpp.o[0m
[ 40%] [32mBuilding CXX object doc/planning_scene_ros_api/CMakeFiles/planning_scene_ros_api_tutorial.dir/src/planning_scene_ros_api_tutorial.cpp.o[0m
[ 43%] [32mBuilding CXX object doc/robot_model_and_robot_state/CMakeFiles/robot_model_and_robot_state_tutorial.dir/src/robot_model_and_robot_state_tutorial.cpp.o[0m
[ 45%] [32mBuilding CXX object doc/state_display/CMakeFiles/state_display_tutorial.dir/src/state_display_tutorial.cpp.o[0m
[ 47%] [32mBuilding CXX object doc/subframes/CMakeFiles/subframes_tutorial.dir/src/subframes_tutorial.cpp.o[0m
[ 50%] [32mBuilding CXX object doc/trajopt_planner/CMakeFiles/trajopt_example.dir/src/trajopt_example.cpp.o[0m
[35m[1mScanning dependencies of target moveit_lerp_planner_plugin[0m
[ 52%] [32mBuilding CXX object doc/creating_moveit_plugins/lerp_motion_planner/CMakeFiles/moveit_lerp_planner_plugin.dir/src/lerp_planner_manager.cpp.o[0m
[ 54%] [32mBuilding CXX object doc/creating_moveit_plugins/lerp_motion_planner/CMakeFiles/moveit_lerp_planner_plugin.dir/src/lerp_interface.cpp.o[0m
[ 56%] [32m[1mLinking CXX executable /home/hiwin/UR5_new/devel/.private/moveit_tutorials/lib/moveit_tutorials/robot_model_and_robot_state_tutorial[0m
[ 59%] [32m[1mLinking CXX executable /home/hiwin/UR5_new/devel/.private/moveit_tutorials/lib/moveit_tutorials/state_display_tutorial[0m
[ 61%] [32m[1mLinking CXX executable /home/hiwin/UR5_new/devel/.private/moveit_tutorials/lib/moveit_tutorials/planning_scene_tutorial[0m
[ 61%] Built target robot_model_and_robot_state_tutorial
[35m[1mScanning dependencies of target lerp_example[0m
[ 63%] [32mBuilding CXX object doc/creating_moveit_plugins/lerp_motion_planner/CMakeFiles/lerp_example.dir/src/lerp_example.cpp.o[0m
[ 63%] Built target state_display_tutorial
[35m[1mScanning dependencies of target moveit_cpp_tutorial[0m
[ 65%] [32mBuilding CXX object doc/moveit_cpp/CMakeFiles/moveit_cpp_tutorial.dir/src/moveit_cpp_tutorial.cpp.o[0m
[ 65%] Built target planning_scene_tutorial
[35m[1mScanning dependencies of target visualizing_collisions_tutorial[0m
[ 68%] [32mBuilding CXX object doc/visualizing_collisions/CMakeFiles/visualizing_collisions_tutorial.dir/src/visualizing_collisions_tutorial.cpp.o[0m
[ 70%] [32mBuilding CXX object doc/creating_moveit_plugins/lerp_motion_planner/CMakeFiles/moveit_lerp_planner_plugin.dir/src/lerp_planning_context.cpp.o[0m
[35m[1mScanning dependencies of target bullet_collision_checker_tutorial[0m
[ 72%] [32mBuilding CXX object doc/bullet_collision_checker/CMakeFiles/bullet_collision_checker_tutorial.dir/src/bullet_collision_checker_tutorial.cpp.o[0m
[ 75%] [32m[1mLinking CXX executable /home/hiwin/UR5_new/devel/.private/moveit_tutorials/lib/moveit_tutorials/pick_place_tutorial[0m
[ 75%] Built target pick_place_tutorial
[ 77%] [32m[1mLinking CXX executable /home/hiwin/UR5_new/devel/.private/moveit_tutorials/lib/moveit_tutorials/planning_scene_ros_api_tutorial[0m
[ 77%] Built target planning_scene_ros_api_tutorial
[ 79%] [32m[1mLinking CXX shared library /home/hiwin/UR5_new/devel/.private/moveit_tutorials/lib/libmoveit_lerp_planner_plugin.so[0m
[ 81%] [32m[1mLinking CXX executable /home/hiwin/UR5_new/devel/.private/moveit_tutorials/lib/moveit_tutorials/visualizing_collisions_tutorial[0m
[ 81%] Built target moveit_lerp_planner_plugin
[ 84%] [32m[1mLinking CXX executable /home/hiwin/UR5_new/devel/.private/moveit_tutorials/lib/moveit_tutorials/motion_planning_api_tutorial[0m
[ 86%] [32m[1mLinking CXX executable /home/hiwin/UR5_new/devel/.private/moveit_tutorials/lib/moveit_tutorials/detect_and_add_cylinder_collision_object_demo[0m
[ 86%] Built target visualizing_collisions_tutorial
[ 88%] [32m[1mLinking CXX executable /home/hiwin/UR5_new/devel/.private/moveit_tutorials/lib/moveit_tutorials/motion_planning_pipeline_tutorial[0m
[ 88%] Built target motion_planning_api_tutorial
[ 90%] [32m[1mLinking CXX executable /home/hiwin/UR5_new/devel/.private/moveit_tutorials/lib/moveit_tutorials/trajopt_example[0m
[ 90%] Built target motion_planning_pipeline_tutorial
[ 93%] [32m[1mLinking CXX executable /home/hiwin/UR5_new/devel/.private/moveit_tutorials/lib/moveit_tutorials/moveit_cpp_tutorial[0m
[ 93%] Built target trajopt_example
[ 93%] Built target moveit_cpp_tutorial
[ 93%] Built target detect_and_add_cylinder_collision_object_demo
[ 95%] [32m[1mLinking CXX executable /home/hiwin/UR5_new/devel/.private/moveit_tutorials/lib/moveit_tutorials/subframes_tutorial[0m
[ 95%] Built target subframes_tutorial
[ 97%] [32m[1mLinking CXX executable /home/hiwin/UR5_new/devel/.private/moveit_tutorials/lib/moveit_tutorials/bullet_collision_checker_tutorial[0m
[ 97%] Built target bullet_collision_checker_tutorial
[100%] [32m[1mLinking CXX executable /home/hiwin/UR5_new/devel/.private/moveit_tutorials/lib/moveit_tutorials/lerp_example[0m
[100%] Built target lerp_example
